Android_Projects/MS, FB, Google Signin Tutorials/MSLoginExample/app/build/intermediates/manifest_merge_blame_file/debug/manifest-merger-blame-debug-report.txt
1<?xml version="1.0" encoding="utf-8"?>
2<manifest xmlns:android="http://schemas.android.com/apk/res/android"
3    package="ie.ncirl.student.x15015556.ms_login_example"
4    android:versionCode="1"
5    android:versionName="1.0" >
6
7    <uses-sdk
8        android:minSdkVersion="19"
8-->src\main\AndroidManifest.xml
9        android:targetSdkVersion="28" />
9-->src\main\AndroidManifest.xml
10
11    <application
11-->src\main\AndroidManifest.xml:5:5-28:19
12        android:allowBackup="true"
12-->src\main\AndroidManifest.xml:6:9-35
13        android:appComponentFactory="androidx.core.app.CoreComponentFactory"
13-->[androidx.core:core:1.3.1] AndroidManifest.xml:24:18-86
14        android:debuggable="true"
15        android:icon="@mipmap/ic_launcher"
15-->src\main\AndroidManifest.xml:7:9-43
16        android:label="@string/app_name"
16-->src\main\AndroidManifest.xml:8:9-41
17        android:roundIcon="@mipmap/ic_launcher_round"
17-->src\main\AndroidManifest.xml:9:9-54
18        android:supportsRtl="true"
18-->src\main\AndroidManifest.xml:10:9-35
19        android:theme="@style/Theme.MSLoginExample" >
19-->src\main\AndroidManifest.xml:11:9-52
20        <activity
20-->src\main\AndroidManifest.xml:12:9-27:20
21            android:name="ie.ncirl.student.x15015556.ms_login_example.MainActivity"
21-->src\main\AndroidManifest.xml:13:13-41
22            android:label="@string/app_name"
22-->src\main\AndroidManifest.xml:14:13-45
23            android:theme="@style/Theme.MSLoginExample.NoActionBar" >
23-->src\main\AndroidManifest.xml:15:13-68
24            <intent-filter>
24-->src\main\AndroidManifest.xml:16:13-26:29
25                <action android:name="android.intent.action.MAIN" />
25-->src\main\AndroidManifest.xml:17:17-69
25-->src\main\AndroidManifest.xml:17:25-66
26
27                <category android:name="android.intent.category.LAUNCHER" />
27-->src\main\AndroidManifest.xml:19:17-77
27-->src\main\AndroidManifest.xml:19:27-74
28
29                <!--
30    Add in your scheme/host from registered redirect URI
31    note that the leading "/" is required for android:path
32                -->
33
34            </intent-filter>
35        </activity>
36    </application>
37
38</manifest>